<?xml version="1.0" encoding="UTF-8"?>
<!-- Generated by org.testng.reporters.JUnitReportReporter -->
<testsuite hostname="DESKTOP-5OUSDD6" name="Test.LoginPageTest" tests="3" failures="0" timestamp="10 Aug 2020 11:12:14 GMT" time="1.016" errors="0">
  <testcase name="verifyLoginPageTitleTest" time="0.056" classname="Test.LoginPageTest"/>
  <testcase name="verifySignUpLinkTest" time="0.128" classname="Test.LoginPageTest"/>
  <testcase name="loginTest" time="0.832" classname="Test.LoginPageTest"/>
</testsuite> <!-- Test.LoginPageTest -->
